22:06:32.479 [main] INFO  com.fdgroup.OOD3Assessment.CurrencyConverter.DatabaseReader - This user (Jonetta) provided an invalid amount (eleven) to convert
22:06:32.721 [main] ERROR com.fdgroup.OOD3Assessment.CurrencyConverter.Client - Conversion rate for the currency abc and/or eur cannot be found.
22:06:32.721 [main] INFO  com.fdgroup.OOD3Assessment.CurrencyConverter.Client - This user (Jonetta) is requesting to convert from a currency (usd) with insufficient value. Transaction request has been skipped.
22:06:32.721 [main] INFO  com.fdgroup.OOD3Assessment.CurrencyConverter.Client - This user (Jonetta) is requesting to convert from a currency (hkd) s/he doesn't have. Transaction request has been skipped.
22:06:32.722 [main] INFO  com.fdgroup.OOD3Assessment.CurrencyConverter.Client - This user (Benjamin) doesn't exist. Transaction request has been skipped.
22:06:32.731 [main] INFO  com.fdgroup.OOD3Assessment.CurrencyConverter.Client - Transaction for this user (Bob) is completed. cad 100.0 has been converted to usd 176.984464128194. Balance is cad 20.0.
22:06:32.738 [main] INFO  com.fdgroup.OOD3Assessment.CurrencyConverter.Client - Transaction for this user (Susan) is completed. cad 20.0 has been converted to eur 15.171403718926795. Balance is cad 488.0.
22:06:32.738 [main] INFO  com.fdgroup.OOD3Assessment.CurrencyConverter.Client - This user (Tommy) is requesting to convert to the same currency (usd). Transaction request has been skipped.
22:06:32.742 [main] INFO  com.fdgroup.OOD3Assessment.CurrencyConverter.Client - Transaction for this user (Bob) is completed. usd 30.0 has been converted to hkd 235.463375393127. Balance is usd 146.984464128194.
22:06:32.747 [main] INFO  com.fdgroup.OOD3Assessment.CurrencyConverter.Client - Transaction for this user (Bob) is completed. hkd 184.0 has been converted to krw 32233.111361339234. Balance is hkd 51.463375393126995.
22:07:58.965 [main] INFO  com.fdgroup.OOD3Assessment.CurrencyConverter.DatabaseReader - This user (Jonetta) provided an invalid amount (eleven) to convert
22:07:59.195 [main] ERROR com.fdgroup.OOD3Assessment.CurrencyConverter.Client - Conversion rate for the currency abc and/or eur cannot be found.
22:07:59.195 [main] INFO  com.fdgroup.OOD3Assessment.CurrencyConverter.Client - This user (Jonetta) is requesting to convert from a currency (usd) with insufficient value. Transaction request has been skipped.
22:07:59.195 [main] INFO  com.fdgroup.OOD3Assessment.CurrencyConverter.Client - This user (Jonetta) is requesting to convert from a currency (hkd) s/he doesn't have. Transaction request has been skipped.
22:07:59.195 [main] INFO  com.fdgroup.OOD3Assessment.CurrencyConverter.Client - This user (Benjamin) doesn't exist. Transaction request has been skipped.
22:07:59.201 [main] INFO  com.fdgroup.OOD3Assessment.CurrencyConverter.Client - Transaction for this user (Bob) is completed. cad 100.0 has been converted to usd 176.984464128194. Balance is cad 20.0.
22:07:59.208 [main] INFO  com.fdgroup.OOD3Assessment.CurrencyConverter.Client - Transaction for this user (Susan) is completed. cad 20.0 has been converted to eur 15.171403718926795. Balance is cad 488.0.
22:07:59.208 [main] INFO  com.fdgroup.OOD3Assessment.CurrencyConverter.Client - This user (Tommy) is requesting to convert to the same currency (usd). Transaction request has been skipped.
22:07:59.213 [main] INFO  com.fdgroup.OOD3Assessment.CurrencyConverter.Client - Transaction for this user (Bob) is completed. usd 30.0 has been converted to hkd 235.463375393127. Balance is usd 146.984464128194.
22:07:59.218 [main] INFO  com.fdgroup.OOD3Assessment.CurrencyConverter.Client - Transaction for this user (Bob) is completed. hkd 184.0 has been converted to krw 32233.111361339234. Balance is hkd 51.463375393126995.
22:10:47.309 [main] INFO  com.fdgroup.OOD3Assessment.CurrencyConverter.DatabaseReader - This user (Jonetta) provided an invalid amount (eleven) to convert.
22:10:47.528 [main] ERROR com.fdgroup.OOD3Assessment.CurrencyConverter.Client - Conversion rate for the currency abc and/or eur cannot be found.
22:10:47.528 [main] INFO  com.fdgroup.OOD3Assessment.CurrencyConverter.Client - This user (Jonetta) is requesting to convert from a currency (usd) with insufficient value. Transaction request has been skipped.
22:10:47.528 [main] INFO  com.fdgroup.OOD3Assessment.CurrencyConverter.Client - This user (Jonetta) is requesting to convert from a currency (hkd) s/he doesn't have. Transaction request has been skipped.
22:10:47.528 [main] INFO  com.fdgroup.OOD3Assessment.CurrencyConverter.Client - This user (Benjamin) doesn't exist. Transaction request has been skipped.
22:10:47.536 [main] INFO  com.fdgroup.OOD3Assessment.CurrencyConverter.Client - Transaction for this user (Bob) is completed. cad 100.0 has been converted to usd 176.984464128194. Balance is cad 20.0.
22:10:47.544 [main] INFO  com.fdgroup.OOD3Assessment.CurrencyConverter.Client - Transaction for this user (Susan) is completed. cad 20.0 has been converted to eur 15.171403718926795. Balance is cad 488.0.
22:10:47.544 [main] INFO  com.fdgroup.OOD3Assessment.CurrencyConverter.Client - This user (Tommy) is requesting to convert to the same currency (usd). Transaction request has been skipped.
22:10:47.547 [main] INFO  com.fdgroup.OOD3Assessment.CurrencyConverter.Client - Transaction for this user (Bob) is completed. usd 30.0 has been converted to hkd 235.463375393127. Balance is usd 146.984464128194.
22:10:47.552 [main] INFO  com.fdgroup.OOD3Assessment.CurrencyConverter.Client - Transaction for this user (Bob) is completed. hkd 184.0 has been converted to krw 32233.111361339234. Balance is hkd 51.463375393126995.
22:12:18.155 [main] INFO  com.fdgroup.OOD3Assessment.CurrencyConverter.DatabaseReader - This user (Jonetta) provided an invalid amount (eleven) to convert.
22:12:18.390 [main] ERROR com.fdgroup.OOD3Assessment.CurrencyConverter.Client - Conversion rate for the currency abc and/or eur cannot be found.
22:12:18.390 [main] INFO  com.fdgroup.OOD3Assessment.CurrencyConverter.Client - This user (Jonetta) is requesting to convert from a currency (usd) with insufficient value. Transaction request has been skipped.
22:12:18.390 [main] INFO  com.fdgroup.OOD3Assessment.CurrencyConverter.Client - This user (Jonetta) is requesting to convert from a currency (hkd) s/he doesn't have. Transaction request has been skipped.
22:12:18.391 [main] INFO  com.fdgroup.OOD3Assessment.CurrencyConverter.Client - This user (Benjamin) doesn't exist. Transaction request has been skipped.
22:12:18.398 [main] INFO  com.fdgroup.OOD3Assessment.CurrencyConverter.Client - Transaction for this user (Bob) is completed. cad 100.0 has been converted to usd 176.984464128194. Balance is cad 20.0.
22:12:18.405 [main] INFO  com.fdgroup.OOD3Assessment.CurrencyConverter.Client - Transaction for this user (Susan) is completed. cad 20.0 has been converted to eur 15.171403718926795. Balance is cad 488.0.
22:12:18.405 [main] INFO  com.fdgroup.OOD3Assessment.CurrencyConverter.Client - This user (Tommy) is requesting to convert to the same currency (usd). Transaction request has been skipped.
22:12:18.409 [main] INFO  com.fdgroup.OOD3Assessment.CurrencyConverter.Client - Transaction for this user (Bob) is completed. usd 30.0 has been converted to hkd 235.463375393127. Balance is usd 146.984464128194.
22:12:18.415 [main] INFO  com.fdgroup.OOD3Assessment.CurrencyConverter.Client - Transaction for this user (Bob) is completed. hkd 184.0 has been converted to krw 32233.111361339234. Balance is hkd 51.463375393126995.
22:13:09.586 [main] INFO  com.fdgroup.OOD3Assessment.CurrencyConverter.DatabaseReader - This user (Jonetta) provided an invalid amount (eleven) to convert.
22:13:09.809 [main] ERROR com.fdgroup.OOD3Assessment.CurrencyConverter.Client - Conversion rate for the currency abc and/or eur cannot be found.
22:13:09.809 [main] INFO  com.fdgroup.OOD3Assessment.CurrencyConverter.Client - This user (Jonetta) is requesting to convert from a currency (usd) with insufficient value. Transaction request has been skipped.
22:13:09.809 [main] INFO  com.fdgroup.OOD3Assessment.CurrencyConverter.Client - This user (Jonetta) is requesting to convert from a currency (hkd) s/he doesn't have. Transaction request has been skipped.
22:13:09.809 [main] INFO  com.fdgroup.OOD3Assessment.CurrencyConverter.Client - This user (Benjamin) doesn't exist. Transaction request has been skipped.
22:13:09.815 [main] INFO  com.fdgroup.OOD3Assessment.CurrencyConverter.Client - Transaction for this user (Bob) is completed. cad 100.0 has been converted to usd 176.984464128194. Balance is cad 20.0.
22:13:09.823 [main] INFO  com.fdgroup.OOD3Assessment.CurrencyConverter.Client - Transaction for this user (Susan) is completed. cad 20.0 has been converted to eur 15.171403718926795. Balance is cad 488.0.
22:13:09.824 [main] INFO  com.fdgroup.OOD3Assessment.CurrencyConverter.Client - This user (Tommy) is requesting to convert to the same currency (usd). Transaction request has been skipped.
22:13:09.827 [main] INFO  com.fdgroup.OOD3Assessment.CurrencyConverter.Client - Transaction for this user (Bob) is completed. usd 30.0 has been converted to hkd 235.463375393127. Balance is usd 146.984464128194.
22:13:09.834 [main] INFO  com.fdgroup.OOD3Assessment.CurrencyConverter.Client - Transaction for this user (Bob) is completed. hkd 184.0 has been converted to krw 32233.111361339234. Balance is hkd 51.463375393126995.
22:14:33.350 [main] INFO  com.fdgroup.OOD3Assessment.CurrencyConverter.DatabaseReader - This user (Jonetta) provided an invalid amount (eleven) to convert.
22:14:33.582 [main] ERROR com.fdgroup.OOD3Assessment.CurrencyConverter.Client - Conversion rate for the currency abc and/or eur cannot be found.
22:14:33.582 [main] INFO  com.fdgroup.OOD3Assessment.CurrencyConverter.Client - This user (Jonetta) is requesting to convert from a currency (usd) with insufficient value. Transaction request has been skipped.
22:14:33.582 [main] INFO  com.fdgroup.OOD3Assessment.CurrencyConverter.Client - This user (Jonetta) is requesting to convert from a currency (hkd) s/he doesn't have. Transaction request has been skipped.
22:14:33.582 [main] INFO  com.fdgroup.OOD3Assessment.CurrencyConverter.Client - This user (Benjamin) doesn't exist. Transaction request has been skipped.
22:14:33.589 [main] INFO  com.fdgroup.OOD3Assessment.CurrencyConverter.Client - Transaction for this user (Bob) is completed. cad 100.0 has been converted to usd 176.984464128194. Balance is cad 20.0.
22:14:33.595 [main] INFO  com.fdgroup.OOD3Assessment.CurrencyConverter.Client - Transaction for this user (Susan) is completed. cad 20.0 has been converted to eur 15.171403718926795. Balance is cad 488.0.
22:14:33.596 [main] INFO  com.fdgroup.OOD3Assessment.CurrencyConverter.Client - This user (Tommy) is requesting to convert to the same currency (usd). Transaction request has been skipped.
22:14:33.598 [main] INFO  com.fdgroup.OOD3Assessment.CurrencyConverter.Client - Transaction for this user (Bob) is completed. usd 30.0 has been converted to hkd 235.463375393127. Balance is usd 146.984464128194.
22:14:33.604 [main] INFO  com.fdgroup.OOD3Assessment.CurrencyConverter.Client - Transaction for this user (Bob) is completed. hkd 184.0 has been converted to krw 32233.111361339234. Balance is hkd 51.463375393126995.
22:14:57.746 [main] INFO  com.fdgroup.OOD3Assessment.CurrencyConverter.DatabaseReader - This user (Jonetta) provided an invalid amount (eleven) to convert.
22:14:57.976 [main] ERROR com.fdgroup.OOD3Assessment.CurrencyConverter.Client - Conversion rate for the currency abc and/or eur cannot be found.
22:14:57.976 [main] INFO  com.fdgroup.OOD3Assessment.CurrencyConverter.Client - This user (Jonetta) is requesting to convert from a currency (usd) with insufficient value. Transaction request has been skipped.
22:14:57.976 [main] INFO  com.fdgroup.OOD3Assessment.CurrencyConverter.Client - This user (Jonetta) is requesting to convert from a currency (hkd) s/he doesn't have. Transaction request has been skipped.
22:14:57.976 [main] INFO  com.fdgroup.OOD3Assessment.CurrencyConverter.Client - This user (Benjamin) doesn't exist. Transaction request has been skipped.
22:14:57.982 [main] INFO  com.fdgroup.OOD3Assessment.CurrencyConverter.Client - Transaction for this user (Bob) is completed. cad 100.0 has been converted to usd 176.984464128194. Balance is cad 20.0.
22:14:57.989 [main] INFO  com.fdgroup.OOD3Assessment.CurrencyConverter.Client - Transaction for this user (Susan) is completed. cad 20.0 has been converted to eur 15.171403718926795. Balance is cad 488.0.
22:14:57.990 [main] INFO  com.fdgroup.OOD3Assessment.CurrencyConverter.Client - This user (Tommy) is requesting to convert to the same currency (usd). Transaction request has been skipped.
22:14:57.993 [main] INFO  com.fdgroup.OOD3Assessment.CurrencyConverter.Client - Transaction for this user (Bob) is completed. usd 30.0 has been converted to hkd 235.463375393127. Balance is usd 146.984464128194.
22:14:58.000 [main] INFO  com.fdgroup.OOD3Assessment.CurrencyConverter.Client - Transaction for this user (Bob) is completed. hkd 184.0 has been converted to krw 32233.111361339234. Balance is hkd 51.463375393126995.
22:15:32.662 [main] INFO  com.fdgroup.OOD3Assessment.CurrencyConverter.DatabaseReader - This user (Jonetta) provided an invalid amount (eleven) to convert.
22:15:32.867 [main] INFO  com.fdgroup.OOD3Assessment.CurrencyConverter.Client - This user (Jonetta) is requesting to convert from a currency (usd) with insufficient value. Transaction request has been skipped.
22:15:32.867 [main] INFO  com.fdgroup.OOD3Assessment.CurrencyConverter.Client - This user (Jonetta) is requesting to convert from a currency (hkd) s/he doesn't have. Transaction request has been skipped.
22:15:32.868 [main] INFO  com.fdgroup.OOD3Assessment.CurrencyConverter.Client - This user (Benjamin) doesn't exist. Transaction request has been skipped.
22:15:32.889 [main] INFO  com.fdgroup.OOD3Assessment.CurrencyConverter.Client - Transaction for this user (Bob) is completed. cad 100.0 has been converted to usd 176.984464128194. Balance is cad 20.0.
22:15:32.902 [main] INFO  com.fdgroup.OOD3Assessment.CurrencyConverter.Client - Transaction for this user (Susan) is completed. cad 20.0 has been converted to eur 15.171403718926795. Balance is cad 488.0.
22:15:32.902 [main] INFO  com.fdgroup.OOD3Assessment.CurrencyConverter.Client - This user (Tommy) is requesting to convert to the same currency (usd). Transaction request has been skipped.
22:15:32.907 [main] INFO  com.fdgroup.OOD3Assessment.CurrencyConverter.Client - Transaction for this user (Bob) is completed. usd 30.0 has been converted to hkd 235.463375393127. Balance is usd 146.984464128194.
22:15:32.913 [main] ERROR com.fdgroup.OOD3Assessment.CurrencyConverter.Client - Conversion rate for the currency abc and/or eur cannot be found.
22:15:32.921 [main] INFO  com.fdgroup.OOD3Assessment.CurrencyConverter.Client - Transaction for this user (Bob) is completed. hkd 184.0 has been converted to krw 32233.111361339234. Balance is hkd 51.463375393126995.
